{"contracts/0xSplits/interfaces/ISplitMain.sol":{"l":{},"path":"/Users/masurka/SOUND_XYZ/protocol/protocol/contracts/0xSplits/interfaces/ISplitMain.sol","s":{},"b":{},"f":{},"fnMap":{},"statementMap":{},"branchMap":{}},"contracts/0xSplits/interfaces/ReverseRecords.sol":{"l":{},"path":"/Users/masurka/SOUND_XYZ/protocol/protocol/contracts/0xSplits/interfaces/ReverseRecords.sol","s":{},"b":{},"f":{},"fnMap":{},"statementMap":{},"branchMap":{}},"contracts/0xSplits/libraries/Clones.sol":{"l":{"74":0,"95":0,"102":0,"123":0,"134":0,"168":0},"path":"/Users/masurka/SOUND_XYZ/protocol/protocol/contracts/0xSplits/libraries/Clones.sol","s":{"1":0,"2":0,"3":0},"b":{"1":[0,0],"2":[0,0]},"f":{"1":0,"2":0,"3":0,"4":0},"fnMap":{"1":{"name":"clone","line":73,"loc":{"start":{"line":73,"column":2},"end":{"line":96,"column":2}}},"2":{"name":"cloneDeterministic","line":98,"loc":{"start":{"line":98,"column":2},"end":{"line":124,"column":2}}},"3":{"name":"predictDeterministicAddress","line":129,"loc":{"start":{"line":129,"column":2},"end":{"line":158,"column":2}}},"4":{"name":"predictDeterministicAddress","line":163,"loc":{"start":{"line":163,"column":2},"end":{"line":169,"column":2}}}},"statementMap":{"1":{"start":{"line":95,"column":4},"end":{"line":95,"column":52}},"2":{"start":{"line":123,"column":4},"end":{"line":123,"column":53}},"3":{"start":{"line":168,"column":4},"end":{"line":168,"column":75}}},"branchMap":{"1":{"line":95,"type":"if","locations":[{"start":{"line":95,"column":4},"end":{"line":95,"column":4}},{"start":{"line":95,"column":4},"end":{"line":95,"column":4}}]},"2":{"line":123,"type":"if","locations":[{"start":{"line":123,"column":4},"end":{"line":123,"column":4}},{"start":{"line":123,"column":4},"end":{"line":123,"column":4}}]}}},"contracts/0xSplits/Multicall2.sol":{"l":{"24":0,"25":0,"26":0,"27":0,"30":0,"31":0,"43":0,"51":0,"55":0,"59":0,"67":0,"71":0,"75":0,"79":0,"83":0,"90":0,"91":0,"92":0,"96":0,"97":0,"100":0,"112":0,"113":0,"114":0},"path":"/Users/masurka/SOUND_XYZ/protocol/protocol/contracts/0xSplits/Multicall2.sol","s":{"1":0,"2":0,"3":0,"4":0,"5":0,"6":0,"7":0,"8":0,"9":0,"10":0,"11":0,"12":0,"13":0,"14":0,"15":0,"16":0,"17":0,"18":0,"19":0,"20":0,"21":0,"22":0,"23":0,"24":0},"b":{"1":[0,0],"2":[0,0],"3":[0,0]},"f":{"1":0,"2":0,"3":0,"4":0,"5":0,"6":0,"7":0,"8":0,"9":0,"10":0,"11":0,"12":0},"fnMap":{"1":{"name":"aggregate","line":20,"loc":{"start":{"line":20,"column":2},"end":{"line":33,"column":2}}},"2":{"name":"blockAndAggregate","line":35,"loc":{"start":{"line":35,"column":2},"end":{"line":44,"column":2}}},"3":{"name":"getBlockHash","line":46,"loc":{"start":{"line":46,"column":2},"end":{"line":52,"column":2}}},"4":{"name":"getBlockNumber","line":54,"loc":{"start":{"line":54,"column":2},"end":{"line":56,"column":2}}},"5":{"name":"getCurrentBlockCoinbase","line":58,"loc":{"start":{"line":58,"column":2},"end":{"line":60,"column":2}}},"6":{"name":"getCurrentBlockDifficulty","line":62,"loc":{"start":{"line":62,"column":2},"end":{"line":68,"column":2}}},"7":{"name":"getCurrentBlockGasLimit","line":70,"loc":{"start":{"line":70,"column":2},"end":{"line":72,"column":2}}},"8":{"name":"getCurrentBlockTimestamp","line":74,"loc":{"start":{"line":74,"column":2},"end":{"line":76,"column":2}}},"9":{"name":"getEthBalance","line":78,"loc":{"start":{"line":78,"column":2},"end":{"line":80,"column":2}}},"10":{"name":"getLastBlockHash","line":82,"loc":{"start":{"line":82,"column":2},"end":{"line":84,"column":2}}},"11":{"name":"tryAggregate","line":86,"loc":{"start":{"line":86,"column":2},"end":{"line":102,"column":2}}},"12":{"name":"tryBlockAndAggregate","line":104,"loc":{"start":{"line":104,"column":2},"end":{"line":115,"column":2}}}},"statementMap":{"1":{"start":{"line":24,"column":4},"end":{"line":24,"column":29}},"2":{"start":{"line":25,"column":4},"end":{"line":25,"column":41}},"3":{"start":{"line":26,"column":4},"end":{"line":26,"column":677}},"4":{"start":{"line":27,"column":6},"end":{"line":27,"column":731}},"5":{"start":{"line":30,"column":6},"end":{"line":30,"column":57}},"6":{"start":{"line":31,"column":6},"end":{"line":31,"column":24}},"7":{"start":{"line":43,"column":4},"end":{"line":43,"column":75}},"8":{"start":{"line":51,"column":4},"end":{"line":51,"column":37}},"9":{"start":{"line":55,"column":4},"end":{"line":55,"column":29}},"10":{"start":{"line":59,"column":4},"end":{"line":59,"column":28}},"11":{"start":{"line":67,"column":4},"end":{"line":67,"column":32}},"12":{"start":{"line":71,"column":4},"end":{"line":71,"column":28}},"13":{"start":{"line":75,"column":4},"end":{"line":75,"column":30}},"14":{"start":{"line":79,"column":4},"end":{"line":79,"column":25}},"15":{"start":{"line":83,"column":4},"end":{"line":83,"column":42}},"16":{"start":{"line":90,"column":4},"end":{"line":90,"column":42}},"17":{"start":{"line":91,"column":4},"end":{"line":91,"column":2313}},"18":{"start":{"line":92,"column":6},"end":{"line":92,"column":2367}},"19":{"start":{"line":96,"column":6},"end":{"line":96,"column":2465}},"20":{"start":{"line":97,"column":8},"end":{"line":97,"column":60}},"21":{"start":{"line":100,"column":6},"end":{"line":100,"column":41}},"22":{"start":{"line":112,"column":4},"end":{"line":112,"column":29}},"23":{"start":{"line":113,"column":4},"end":{"line":113,"column":38}},"24":{"start":{"line":114,"column":4},"end":{"line":114,"column":51}}},"branchMap":{"1":{"line":30,"type":"if","locations":[{"start":{"line":30,"column":6},"end":{"line":30,"column":6}},{"start":{"line":30,"column":6},"end":{"line":30,"column":6}}]},"2":{"line":96,"type":"if","locations":[{"start":{"line":96,"column":6},"end":{"line":96,"column":6}},{"start":{"line":96,"column":6},"end":{"line":96,"column":6}}]},"3":{"line":97,"type":"if","locations":[{"start":{"line":97,"column":8},"end":{"line":97,"column":8}},{"start":{"line":97,"column":8},"end":{"line":97,"column":8}}]}}},"contracts/0xSplits/SplitMain.sol":{"l":{"163":0,"164":0,"171":0,"172":0,"185":0,"186":0,"187":0,"189":0,"190":0,"191":0,"203":0,"204":0,"211":0,"212":0,"220":0,"250":0,"251":0,"253":0,"256":0,"257":0,"260":0,"261":0,"275":0,"276":0,"291":0,"305":0,"306":0,"313":0,"314":0,"321":0,"322":0,"323":0,"330":0,"331":0,"332":0,"352":0,"353":0,"371":0,"373":0,"397":0,"398":0,"420":0,"422":0,"435":0,"436":0,"437":0,"438":0,"440":0,"459":0,"467":0,"475":0,"483":0,"492":0,"505":0,"506":0,"507":0,"508":0,"526":0,"541":0,"543":0,"544":0,"559":0,"560":0,"578":0,"579":0,"581":0,"582":0,"588":0,"590":0,"591":0,"593":0,"594":0,"603":0,"619":0,"641":0,"642":0,"643":0,"644":0,"655":0,"657":0,"658":0,"660":0,"662":0,"673":0,"685":0,"702":0,"715":0,"716":0,"717":0,"727":0,"728":0,"729":0},"path":"/Users/masurka/SOUND_XYZ/protocol/protocol/contracts/0xSplits/SplitMain.sol","s":{"1":0,"2":0,"3":0,"4":0,"5":0,"6":0,"7":0,"8":0,"9":0,"10":0,"11":0,"12":0,"13":0,"14":0,"15":0,"16":0,"17":0,"18":0,"19":0,"20":0,"21":0,"22":0,"23":0,"24":0,"25":0,"26":0,"27":0,"28":0,"29":0,"30":0,"31":0,"32":0,"33":0,"34":0,"35":0,"36":0,"37":0,"38":0,"39":0,"40":0,"41":0,"42":0,"43":0,"44":0,"45":0,"46":0,"47":0,"48":0,"49":0,"50":0,"51":0,"52":0,"53":0,"54":0,"55":0,"56":0,"57":0,"58":0,"59":0,"60":0,"61":0,"62":0,"63":0,"64":0,"65":0,"66":0,"67":0,"68":0,"69":0,"70":0,"71":0,"72":0,"73":0,"74":0,"75":0,"76":0,"77":0},"b":{"1":[0,0],"2":[0,0],"3":[0,0],"4":[0,0],"5":[0,0],"6":[0,0],"7":[0,0],"8":[0,0],"9":[0,0],"10":[0,0],"11":[0,0],"12":[0,0],"13":[0,0],"14":[0,0],"15":[0,0],"16":[0,0]},"f":{"1":0,"2":0,"3":0,"4":0,"5":0,"6":0,"7":0,"8":0,"9":0,"10":0,"11":0,"12":0,"13":0,"14":0,"15":0,"16":0,"17":0,"18":0,"19":0,"20":0,"21":0,"22":0,"23":0,"24":0,"25":0,"26":0,"27":0,"28":0,"29":0,"30":0,"31":0},"fnMap":{"1":{"name":"onlySplitController","line":162,"loc":{"start":{"line":162,"column":4},"end":{"line":165,"column":4}}},"2":{"name":"onlySplitNewPotentialController","line":170,"loc":{"start":{"line":170,"column":4},"end":{"line":173,"column":4}}},"3":{"name":"validSplit","line":180,"loc":{"start":{"line":180,"column":4},"end":{"line":205,"column":4}}},"4":{"name":"validNewController","line":210,"loc":{"start":{"line":210,"column":4},"end":{"line":213,"column":4}}},"5":{"name":"constructor","line":219,"loc":{"start":{"line":219,"column":4},"end":{"line":221,"column":4}}},"6":{"name":"createSplit","line":249,"loc":{"start":{"line":244,"column":4},"end":{"line":262,"column":4}}},"7":{"name":"predictImmutableSplitAddress","line":274,"loc":{"start":{"line":270,"column":4},"end":{"line":277,"column":4}}},"8":{"name":"updateSplit","line":290,"loc":{"start":{"line":285,"column":4},"end":{"line":292,"column":4}}},"9":{"name":"transferControl","line":303,"loc":{"start":{"line":299,"column":4},"end":{"line":307,"column":4}}},"10":{"name":"cancelControlTransfer","line":312,"loc":{"start":{"line":312,"column":4},"end":{"line":315,"column":4}}},"11":{"name":"acceptControl","line":320,"loc":{"start":{"line":320,"column":4},"end":{"line":324,"column":4}}},"12":{"name":"makeSplitImmutable","line":329,"loc":{"start":{"line":329,"column":4},"end":{"line":333,"column":4}}},"13":{"name":"distributeETH","line":350,"loc":{"start":{"line":344,"column":4},"end":{"line":354,"column":4}}},"14":{"name":"updateAndDistributeETH","line":370,"loc":{"start":{"line":364,"column":4},"end":{"line":374,"column":4}}},"15":{"name":"distributeERC20","line":395,"loc":{"start":{"line":388,"column":4},"end":{"line":399,"column":4}}},"16":{"name":"updateAndDistributeERC20","line":419,"loc":{"start":{"line":412,"column":4},"end":{"line":423,"column":4}}},"17":{"name":"withdraw","line":430,"loc":{"start":{"line":430,"column":4},"end":{"line":448,"column":4}}},"18":{"name":"getHash","line":458,"loc":{"start":{"line":458,"column":4},"end":{"line":460,"column":4}}},"19":{"name":"getController","line":466,"loc":{"start":{"line":466,"column":4},"end":{"line":468,"column":4}}},"20":{"name":"getNewPotentialController","line":474,"loc":{"start":{"line":474,"column":4},"end":{"line":476,"column":4}}},"21":{"name":"getETHBalance","line":482,"loc":{"start":{"line":482,"column":4},"end":{"line":484,"column":4}}},"22":{"name":"getERC20Balance","line":491,"loc":{"start":{"line":491,"column":4},"end":{"line":493,"column":4}}},"23":{"name":"_getSum","line":503,"loc":{"start":{"line":503,"column":4},"end":{"line":513,"column":4}}},"24":{"name":"_hashSplit","line":521,"loc":{"start":{"line":521,"column":4},"end":{"line":527,"column":4}}},"25":{"name":"_updateSplit","line":535,"loc":{"start":{"line":535,"column":4},"end":{"line":545,"column":4}}},"26":{"name":"_validSplitHash","line":553,"loc":{"start":{"line":553,"column":4},"end":{"line":561,"column":4}}},"27":{"name":"_distributeETH","line":571,"loc":{"start":{"line":571,"column":4},"end":{"line":620,"column":4}}},"28":{"name":"_distributeERC20","line":633,"loc":{"start":{"line":633,"column":4},"end":{"line":686,"column":4}}},"29":{"name":"_scaleAmountByPercentage","line":693,"loc":{"start":{"line":693,"column":4},"end":{"line":706,"column":4}}},"30":{"name":"_withdraw","line":712,"loc":{"start":{"line":712,"column":4},"end":{"line":718,"column":4}}},"31":{"name":"_withdrawERC20","line":724,"loc":{"start":{"line":724,"column":4},"end":{"line":730,"column":4}}}},"statementMap":{"1":{"start":{"line":163,"column":8},"end":{"line":163,"column":83}},"2":{"start":{"line":171,"column":8},"end":{"line":171,"column":95}},"3":{"start":{"line":185,"column":8},"end":{"line":185,"column":85}},"4":{"start":{"line":186,"column":8},"end":{"line":186,"column":10219}},"5":{"start":{"line":189,"column":8},"end":{"line":189,"column":10429}},"6":{"start":{"line":203,"column":8},"end":{"line":203,"column":108}},"7":{"start":{"line":211,"column":8},"end":{"line":211,"column":83}},"8":{"start":{"line":220,"column":8},"end":{"line":220,"column":56}},"9":{"start":{"line":250,"column":8},"end":{"line":250,"column":84}},"10":{"start":{"line":251,"column":8},"end":{"line":251,"column":13047}},"11":{"start":{"line":253,"column":12},"end":{"line":253,"column":77}},"12":{"start":{"line":256,"column":12},"end":{"line":256,"column":53}},"13":{"start":{"line":257,"column":12},"end":{"line":257,"column":48}},"14":{"start":{"line":260,"column":8},"end":{"line":260,"column":37}},"15":{"start":{"line":261,"column":8},"end":{"line":261,"column":31}},"16":{"start":{"line":275,"column":8},"end":{"line":275,"column":84}},"17":{"start":{"line":276,"column":8},"end":{"line":276,"column":82}},"18":{"start":{"line":291,"column":8},"end":{"line":291,"column":72}},"19":{"start":{"line":305,"column":8},"end":{"line":305,"column":59}},"20":{"start":{"line":306,"column":8},"end":{"line":306,"column":58}},"21":{"start":{"line":314,"column":8},"end":{"line":314,"column":41}},"22":{"start":{"line":322,"column":8},"end":{"line":322,"column":73}},"23":{"start":{"line":323,"column":8},"end":{"line":323,"column":44}},"24":{"start":{"line":331,"column":8},"end":{"line":331,"column":73}},"25":{"start":{"line":332,"column":8},"end":{"line":332,"column":44}},"26":{"start":{"line":352,"column":8},"end":{"line":352,"column":75}},"27":{"start":{"line":353,"column":8},"end":{"line":353,"column":94}},"28":{"start":{"line":371,"column":8},"end":{"line":371,"column":72}},"29":{"start":{"line":373,"column":8},"end":{"line":373,"column":94}},"30":{"start":{"line":397,"column":8},"end":{"line":397,"column":75}},"31":{"start":{"line":398,"column":8},"end":{"line":398,"column":103}},"32":{"start":{"line":420,"column":8},"end":{"line":420,"column":72}},"33":{"start":{"line":422,"column":8},"end":{"line":422,"column":103}},"34":{"start":{"line":435,"column":8},"end":{"line":435,"column":68}},"35":{"start":{"line":436,"column":8},"end":{"line":436,"column":25}},"36":{"start":{"line":437,"column":8},"end":{"line":437,"column":22846}},"37":{"start":{"line":438,"column":12},"end":{"line":438,"column":41}},"38":{"start":{"line":459,"column":8},"end":{"line":459,"column":33}},"39":{"start":{"line":467,"column":8},"end":{"line":467,"column":39}},"40":{"start":{"line":475,"column":8},"end":{"line":475,"column":51}},"41":{"start":{"line":483,"column":8},"end":{"line":483,"column":87}},"42":{"start":{"line":492,"column":8},"end":{"line":492,"column":105}},"43":{"start":{"line":505,"column":8},"end":{"line":505,"column":46}},"44":{"start":{"line":506,"column":8},"end":{"line":506,"column":25418}},"45":{"start":{"line":507,"column":12},"end":{"line":507,"column":28}},"46":{"start":{"line":526,"column":8},"end":{"line":526,"column":88}},"47":{"start":{"line":541,"column":8},"end":{"line":541,"column":84}},"48":{"start":{"line":543,"column":8},"end":{"line":543,"column":37}},"49":{"start":{"line":544,"column":8},"end":{"line":544,"column":31}},"50":{"start":{"line":559,"column":8},"end":{"line":559,"column":79}},"51":{"start":{"line":560,"column":8},"end":{"line":560,"column":78}},"52":{"start":{"line":578,"column":8},"end":{"line":578,"column":48}},"53":{"start":{"line":579,"column":8},"end":{"line":579,"column":44}},"54":{"start":{"line":581,"column":8},"end":{"line":581,"column":29}},"55":{"start":{"line":588,"column":8},"end":{"line":588,"column":51}},"56":{"start":{"line":588,"column":29},"end":{"line":588,"column":50}},"57":{"start":{"line":590,"column":8},"end":{"line":590,"column":68}},"58":{"start":{"line":591,"column":8},"end":{"line":591,"column":29350}},"59":{"start":{"line":593,"column":12},"end":{"line":593,"column":98}},"60":{"start":{"line":619,"column":8},"end":{"line":619,"column":76}},"61":{"start":{"line":619,"column":30},"end":{"line":619,"column":75}},"62":{"start":{"line":641,"column":8},"end":{"line":641,"column":29}},"63":{"start":{"line":642,"column":8},"end":{"line":642,"column":57}},"64":{"start":{"line":643,"column":8},"end":{"line":643,"column":53}},"65":{"start":{"line":655,"column":8},"end":{"line":655,"column":60}},"66":{"start":{"line":655,"column":29},"end":{"line":655,"column":59}},"67":{"start":{"line":657,"column":8},"end":{"line":657,"column":77}},"68":{"start":{"line":658,"column":8},"end":{"line":658,"column":32954}},"69":{"start":{"line":660,"column":12},"end":{"line":660,"column":98}},"70":{"start":{"line":685,"column":8},"end":{"line":685,"column":85}},"71":{"start":{"line":685,"column":30},"end":{"line":685,"column":84}},"72":{"start":{"line":715,"column":8},"end":{"line":715,"column":43}},"73":{"start":{"line":716,"column":8},"end":{"line":716,"column":31}},"74":{"start":{"line":717,"column":8},"end":{"line":717,"column":41}},"75":{"start":{"line":727,"column":8},"end":{"line":727,"column":52}},"76":{"start":{"line":728,"column":8},"end":{"line":728,"column":40}},"77":{"start":{"line":729,"column":8},"end":{"line":729,"column":45}}},"branchMap":{"1":{"line":163,"type":"if","locations":[{"start":{"line":163,"column":8},"end":{"line":163,"column":8}},{"start":{"line":163,"column":8},"end":{"line":163,"column":8}}]},"2":{"line":171,"type":"if","locations":[{"start":{"line":171,"column":8},"end":{"line":171,"column":8}},{"start":{"line":171,"column":8},"end":{"line":171,"column":8}}]},"3":{"line":185,"type":"if","locations":[{"start":{"line":185,"column":8},"end":{"line":185,"column":8}},{"start":{"line":185,"column":8},"end":{"line":185,"column":8}}]},"4":{"line":186,"type":"if","locations":[{"start":{"line":186,"column":8},"end":{"line":186,"column":8}},{"start":{"line":186,"column":8},"end":{"line":186,"column":8}}]},"5":{"line":189,"type":"if","locations":[{"start":{"line":189,"column":8},"end":{"line":189,"column":8}},{"start":{"line":189,"column":8},"end":{"line":189,"column":8}}]},"6":{"line":203,"type":"if","locations":[{"start":{"line":203,"column":8},"end":{"line":203,"column":8}},{"start":{"line":203,"column":8},"end":{"line":203,"column":8}}]},"7":{"line":211,"type":"if","locations":[{"start":{"line":211,"column":8},"end":{"line":211,"column":8}},{"start":{"line":211,"column":8},"end":{"line":211,"column":8}}]},"8":{"line":251,"type":"if","locations":[{"start":{"line":251,"column":8},"end":{"line":251,"column":8}},{"start":{"line":251,"column":8},"end":{"line":251,"column":8}}]},"9":{"line":437,"type":"if","locations":[{"start":{"line":437,"column":8},"end":{"line":437,"column":8}},{"start":{"line":437,"column":8},"end":{"line":437,"column":8}}]},"10":{"line":560,"type":"if","locations":[{"start":{"line":560,"column":8},"end":{"line":560,"column":8}},{"start":{"line":560,"column":8},"end":{"line":560,"column":8}}]},"11":{"line":588,"type":"if","locations":[{"start":{"line":588,"column":8},"end":{"line":588,"column":8}},{"start":{"line":588,"column":8},"end":{"line":588,"column":8}}]},"12":{"line":591,"type":"if","locations":[{"start":{"line":591,"column":8},"end":{"line":591,"column":8}},{"start":{"line":591,"column":8},"end":{"line":591,"column":8}}]},"13":{"line":619,"type":"if","locations":[{"start":{"line":619,"column":8},"end":{"line":619,"column":8}},{"start":{"line":619,"column":8},"end":{"line":619,"column":8}}]},"14":{"line":655,"type":"if","locations":[{"start":{"line":655,"column":8},"end":{"line":655,"column":8}},{"start":{"line":655,"column":8},"end":{"line":655,"column":8}}]},"15":{"line":658,"type":"if","locations":[{"start":{"line":658,"column":8},"end":{"line":658,"column":8}},{"start":{"line":658,"column":8},"end":{"line":658,"column":8}}]},"16":{"line":685,"type":"if","locations":[{"start":{"line":685,"column":8},"end":{"line":685,"column":8}},{"start":{"line":685,"column":8},"end":{"line":685,"column":8}}]}}},"contracts/0xSplits/SplitWallet.sol":{"l":{"52":0,"53":0,"61":0,"74":0,"88":0},"path":"/Users/masurka/SOUND_XYZ/protocol/protocol/contracts/0xSplits/SplitWallet.sol","s":{"1":0,"2":0,"3":0,"4":0},"b":{"1":[0,0]},"f":{"1":0,"2":0,"3":0,"4":0},"fnMap":{"1":{"name":"onlySplitMain","line":51,"loc":{"start":{"line":51,"column":2},"end":{"line":54,"column":2}}},"2":{"name":"constructor","line":60,"loc":{"start":{"line":60,"column":2},"end":{"line":62,"column":2}}},"3":{"name":"sendETHToMain","line":73,"loc":{"start":{"line":73,"column":2},"end":{"line":75,"column":2}}},"4":{"name":"sendERC20ToMain","line":86,"loc":{"start":{"line":83,"column":2},"end":{"line":89,"column":2}}}},"statementMap":{"1":{"start":{"line":52,"column":4},"end":{"line":52,"column":63}},"2":{"start":{"line":61,"column":4},"end":{"line":61,"column":37}},"3":{"start":{"line":74,"column":4},"end":{"line":74,"column":45}},"4":{"start":{"line":88,"column":4},"end":{"line":88,"column":49}}},"branchMap":{"1":{"line":52,"type":"if","locations":[{"start":{"line":52,"column":4},"end":{"line":52,"column":4}},{"start":{"line":52,"column":4},"end":{"line":52,"column":4}}]}}},"contracts/Artist.sol":{"l":{"98":35,"99":35,"102":35,"105":35,"108":35,"110":35,"121":43,"131":43,"141":43,"147":56,"149":56,"151":56,"153":56,"155":56,"158":56,"160":56,"162":56,"164":56,"166":56,"168":56,"175":0,"178":0,"180":0,"184":0,"188":0,"195":0,"198":0,"204":0,"214":0,"215":0,"217":0,"218":0,"219":0,"220":0,"223":0,"231":0,"232":0,"234":0,"235":0,"236":0,"237":0,"240":0,"254":1,"256":1,"257":1,"260":0,"262":0,"266":0,"275":0,"282":0,"284":0,"285":0},"path":"/Users/masurka/SOUND_XYZ/protocol/protocol/contracts/Artist.sol","s":{"1":35,"2":35,"3":35,"4":35,"5":35,"6":35,"7":43,"8":43,"9":43,"10":56,"11":56,"12":56,"13":56,"14":56,"15":56,"16":56,"17":56,"18":56,"19":56,"20":0,"21":0,"22":0,"23":0,"24":0,"25":0,"26":0,"27":0,"28":0,"29":0,"30":0,"31":0,"32":0,"33":0,"34":0,"35":0,"36":0,"37":0,"38":0,"39":0,"40":1,"41":1,"42":1,"43":0,"44":0,"45":0,"46":0,"47":0,"48":0,"49":0},"b":{"1":[56,0],"2":[56,0],"3":[56,0],"4":[56,0],"5":[56,0],"6":[0,0],"7":[0,0],"8":[0,0],"9":[1,0],"10":[0,0],"11":[0,0]},"f":{"1":35,"2":43,"3":56,"4":0,"5":0,"6":0,"7":0,"8":0,"9":0,"10":0,"11":1,"12":0,"13":0,"14":0},"fnMap":{"1":{"name":"initialize","line":97,"loc":{"start":{"line":91,"column":4},"end":{"line":111,"column":4}}},"2":{"name":"createEdition","line":120,"loc":{"start":{"line":113,"column":4},"end":{"line":142,"column":4}}},"3":{"name":"buyEdition","line":144,"loc":{"start":{"line":144,"column":4},"end":{"line":169,"column":4}}},"4":{"name":"withdrawFunds","line":173,"loc":{"start":{"line":173,"column":4},"end":{"line":181,"column":4}}},"5":{"name":"setStartTime","line":183,"loc":{"start":{"line":183,"column":4},"end":{"line":185,"column":4}}},"6":{"name":"setEndTime","line":187,"loc":{"start":{"line":187,"column":4},"end":{"line":189,"column":4}}},"7":{"name":"tokenURI","line":194,"loc":{"start":{"line":194,"column":4},"end":{"line":199,"column":4}}},"8":{"name":"contractURI","line":202,"loc":{"start":{"line":202,"column":4},"end":{"line":205,"column":4}}},"9":{"name":"getTokenIdsOfEdition","line":213,"loc":{"start":{"line":213,"column":4},"end":{"line":224,"column":4}}},"10":{"name":"getOwnersOfEdition","line":230,"loc":{"start":{"line":230,"column":4},"end":{"line":241,"column":4}}},"11":{"name":"royaltyInfo","line":248,"loc":{"start":{"line":248,"column":4},"end":{"line":263,"column":4}}},"12":{"name":"totalSupply","line":265,"loc":{"start":{"line":265,"column":4},"end":{"line":267,"column":4}}},"13":{"name":"supportsInterface","line":269,"loc":{"start":{"line":269,"column":4},"end":{"line":277,"column":4}}},"14":{"name":"_sendFunds","line":281,"loc":{"start":{"line":281,"column":4},"end":{"line":286,"column":4}}}},"statementMap":{"1":{"start":{"line":98,"column":8},"end":{"line":98,"column":36}},"2":{"start":{"line":99,"column":8},"end":{"line":99,"column":23}},"3":{"start":{"line":102,"column":8},"end":{"line":102,"column":32}},"4":{"start":{"line":105,"column":8},"end":{"line":105,"column":78}},"5":{"start":{"line":108,"column":8},"end":{"line":108,"column":28}},"6":{"start":{"line":110,"column":8},"end":{"line":110,"column":30}},"7":{"start":{"line":121,"column":8},"end":{"line":121,"column":4062}},"8":{"start":{"line":131,"column":8},"end":{"line":131,"column":4362}},"9":{"start":{"line":141,"column":8},"end":{"line":141,"column":30}},"10":{"start":{"line":147,"column":8},"end":{"line":147,"column":75}},"11":{"start":{"line":149,"column":8},"end":{"line":149,"column":113}},"12":{"start":{"line":151,"column":8},"end":{"line":151,"column":100}},"13":{"start":{"line":153,"column":8},"end":{"line":153,"column":90}},"14":{"start":{"line":155,"column":8},"end":{"line":155,"column":83}},"15":{"start":{"line":158,"column":8},"end":{"line":158,"column":45}},"16":{"start":{"line":160,"column":8},"end":{"line":160,"column":51}},"17":{"start":{"line":164,"column":8},"end":{"line":164,"column":55}},"18":{"start":{"line":166,"column":8},"end":{"line":166,"column":104}},"19":{"start":{"line":168,"column":8},"end":{"line":168,"column":28}},"20":{"start":{"line":175,"column":8},"end":{"line":175,"column":103}},"21":{"start":{"line":178,"column":8},"end":{"line":178,"column":72}},"22":{"start":{"line":180,"column":8},"end":{"line":180,"column":77}},"23":{"start":{"line":184,"column":8},"end":{"line":184,"column":50}},"24":{"start":{"line":188,"column":8},"end":{"line":188,"column":46}},"25":{"start":{"line":195,"column":8},"end":{"line":195,"column":84}},"26":{"start":{"line":198,"column":8},"end":{"line":198,"column":111}},"27":{"start":{"line":204,"column":8},"end":{"line":204,"column":62}},"28":{"start":{"line":214,"column":8},"end":{"line":214,"column":88}},"29":{"start":{"line":215,"column":8},"end":{"line":215,"column":25}},"30":{"start":{"line":217,"column":8},"end":{"line":217,"column":8207}},"31":{"start":{"line":218,"column":12},"end":{"line":218,"column":8278}},"32":{"start":{"line":219,"column":16},"end":{"line":219,"column":44}},"33":{"start":{"line":223,"column":8},"end":{"line":223,"column":32}},"34":{"start":{"line":231,"column":8},"end":{"line":231,"column":86}},"35":{"start":{"line":232,"column":8},"end":{"line":232,"column":25}},"36":{"start":{"line":234,"column":8},"end":{"line":234,"column":8767}},"37":{"start":{"line":235,"column":12},"end":{"line":235,"column":8838}},"38":{"start":{"line":236,"column":16},"end":{"line":236,"column":69}},"39":{"start":{"line":240,"column":8},"end":{"line":240,"column":30}},"40":{"start":{"line":254,"column":8},"end":{"line":254,"column":53}},"41":{"start":{"line":256,"column":8},"end":{"line":256,"column":9433}},"42":{"start":{"line":257,"column":12},"end":{"line":257,"column":48}},"43":{"start":{"line":260,"column":8},"end":{"line":260,"column":56}},"44":{"start":{"line":262,"column":8},"end":{"line":262,"column":77}},"45":{"start":{"line":266,"column":8},"end":{"line":266,"column":38}},"46":{"start":{"line":275,"column":8},"end":{"line":275,"column":10112}},"47":{"start":{"line":282,"column":8},"end":{"line":282,"column":81}},"48":{"start":{"line":284,"column":8},"end":{"line":284,"column":62}},"49":{"start":{"line":285,"column":8},"end":{"line":285,"column":76}}},"branchMap":{"1":{"line":147,"type":"if","locations":[{"start":{"line":147,"column":8},"end":{"line":147,"column":8}},{"start":{"line":147,"column":8},"end":{"line":147,"column":8}}]},"2":{"line":149,"type":"if","locations":[{"start":{"line":149,"column":8},"end":{"line":149,"column":8}},{"start":{"line":149,"column":8},"end":{"line":149,"column":8}}]},"3":{"line":151,"type":"if","locations":[{"start":{"line":151,"column":8},"end":{"line":151,"column":8}},{"start":{"line":151,"column":8},"end":{"line":151,"column":8}}]},"4":{"line":153,"type":"if","locations":[{"start":{"line":153,"column":8},"end":{"line":153,"column":8}},{"start":{"line":153,"column":8},"end":{"line":153,"column":8}}]},"5":{"line":155,"type":"if","locations":[{"start":{"line":155,"column":8},"end":{"line":155,"column":8}},{"start":{"line":155,"column":8},"end":{"line":155,"column":8}}]},"6":{"line":195,"type":"if","locations":[{"start":{"line":195,"column":8},"end":{"line":195,"column":8}},{"start":{"line":195,"column":8},"end":{"line":195,"column":8}}]},"7":{"line":218,"type":"if","locations":[{"start":{"line":218,"column":12},"end":{"line":218,"column":12}},{"start":{"line":218,"column":12},"end":{"line":218,"column":12}}]},"8":{"line":235,"type":"if","locations":[{"start":{"line":235,"column":12},"end":{"line":235,"column":12}},{"start":{"line":235,"column":12},"end":{"line":235,"column":12}}]},"9":{"line":256,"type":"if","locations":[{"start":{"line":256,"column":8},"end":{"line":256,"column":8}},{"start":{"line":256,"column":8},"end":{"line":256,"column":8}}]},"10":{"line":282,"type":"if","locations":[{"start":{"line":282,"column":8},"end":{"line":282,"column":8}},{"start":{"line":282,"column":8},"end":{"line":282,"column":8}}]},"11":{"line":285,"type":"if","locations":[{"start":{"line":285,"column":8},"end":{"line":285,"column":8}},{"start":{"line":285,"column":8},"end":{"line":285,"column":8}}]}}},"contracts/ArtistCreator.sol":{"l":{"45":166,"48":166,"49":166,"52":166,"53":166,"54":166,"57":166,"69":138,"71":128,"84":128,"86":128,"88":128,"90":128,"95":138,"99":138,"106":138,"107":138,"113":5,"114":3},"path":"/Users/masurka/SOUND_XYZ/protocol/protocol/contracts/ArtistCreator.sol","s":{"1":166,"2":166,"3":166,"4":166,"5":166,"6":166,"7":166,"8":138,"9":128,"10":128,"11":128,"12":128,"13":128,"14":138,"15":138,"16":138,"17":138,"18":5,"19":3},"b":{"1":[128,10],"2":[138,0],"3":[3,2]},"f":{"1":166,"2":138,"3":138,"4":5,"5":3},"fnMap":{"1":{"name":"initialize","line":44,"loc":{"start":{"line":44,"column":4},"end":{"line":58,"column":4}}},"2":{"name":"createArtist","line":63,"loc":{"start":{"line":63,"column":4},"end":{"line":91,"column":4}}},"3":{"name":"getSigner","line":94,"loc":{"start":{"line":94,"column":4},"end":{"line":108,"column":4}}},"4":{"name":"setAdmin","line":112,"loc":{"start":{"line":112,"column":4},"end":{"line":115,"column":4}}},"5":{"name":"_authorizeUpgrade","line":117,"loc":{"start":{"line":117,"column":4},"end":{"line":117,"column":69}}}},"statementMap":{"1":{"start":{"line":45,"column":8},"end":{"line":45,"column":33}},"2":{"start":{"line":48,"column":8},"end":{"line":48,"column":25}},"3":{"start":{"line":49,"column":8},"end":{"line":49,"column":106}},"4":{"start":{"line":52,"column":8},"end":{"line":52,"column":80}},"5":{"start":{"line":53,"column":8},"end":{"line":53,"column":44}},"6":{"start":{"line":54,"column":8},"end":{"line":54,"column":39}},"7":{"start":{"line":57,"column":8},"end":{"line":57,"column":29}},"8":{"start":{"line":69,"column":8},"end":{"line":69,"column":82}},"9":{"start":{"line":71,"column":8},"end":{"line":71,"column":2825}},"10":{"start":{"line":84,"column":8},"end":{"line":84,"column":43}},"11":{"start":{"line":86,"column":8},"end":{"line":86,"column":80}},"12":{"start":{"line":88,"column":8},"end":{"line":88,"column":29}},"13":{"start":{"line":90,"column":8},"end":{"line":90,"column":29}},"14":{"start":{"line":95,"column":8},"end":{"line":95,"column":60}},"15":{"start":{"line":99,"column":8},"end":{"line":99,"column":3776}},"16":{"start":{"line":106,"column":8},"end":{"line":106,"column":60}},"17":{"start":{"line":107,"column":8},"end":{"line":107,"column":31}},"18":{"start":{"line":113,"column":8},"end":{"line":113,"column":89}},"19":{"start":{"line":114,"column":8},"end":{"line":114,"column":24}}},"branchMap":{"1":{"line":69,"type":"if","locations":[{"start":{"line":69,"column":8},"end":{"line":69,"column":8}},{"start":{"line":69,"column":8},"end":{"line":69,"column":8}}]},"2":{"line":95,"type":"if","locations":[{"start":{"line":95,"column":8},"end":{"line":95,"column":8}},{"start":{"line":95,"column":8},"end":{"line":95,"column":8}}]},"3":{"line":113,"type":"if","locations":[{"start":{"line":113,"column":8},"end":{"line":113,"column":8}},{"start":{"line":113,"column":8},"end":{"line":113,"column":8}}]}}},"contracts/ArtistCreatorProxy.sol":{"l":{},"path":"/Users/masurka/SOUND_XYZ/protocol/protocol/contracts/ArtistCreatorProxy.sol","s":{},"b":{},"f":{"1":0},"fnMap":{"1":{"name":"constructor","line":14,"loc":{"start":{"line":10,"column":4},"end":{"line":14,"column":43}}}},"statementMap":{},"branchMap":{}},"contracts/ArtistV2.sol":{"l":{"123":13,"124":13,"127":13,"130":13,"133":13,"136":13,"158":5,"160":5,"161":3,"164":5,"176":5,"188":5,"196":7,"197":7,"198":7,"199":7,"200":7,"201":7,"205":7,"207":7,"209":7,"212":7,"214":2,"220":2,"224":5,"227":5,"230":5,"233":5,"236":5,"238":5,"240":5,"245":0,"248":0,"251":0,"256":2,"257":2,"262":2,"263":2,"268":0,"271":0,"277":0,"283":0,"284":0,"286":0,"287":0,"288":0,"289":0,"292":0,"298":0,"299":0,"301":0,"302":0,"303":0,"304":0,"307":0,"319":2,"320":2,"322":2,"323":0,"326":2,"328":2,"333":1,"344":0,"356":0,"358":0,"359":0,"368":2,"375":2,"376":0},"path":"/Users/masurka/SOUND_XYZ/protocol/protocol/contracts/ArtistV2.sol","s":{"1":13,"2":13,"3":13,"4":13,"5":13,"6":13,"7":5,"8":5,"9":3,"10":5,"11":5,"12":5,"13":7,"14":7,"15":7,"16":7,"17":7,"18":7,"19":7,"20":7,"21":7,"22":7,"23":2,"24":2,"25":5,"26":5,"27":5,"28":5,"29":5,"30":5,"31":0,"32":0,"33":0,"34":2,"35":2,"36":2,"37":2,"38":0,"39":0,"40":0,"41":0,"42":0,"43":0,"44":0,"45":0,"46":0,"47":0,"48":0,"49":0,"50":0,"51":0,"52":0,"53":2,"54":2,"55":2,"56":0,"57":2,"58":2,"59":1,"60":0,"61":0,"62":0,"63":0,"64":2,"65":2,"66":0},"b":{"1":[5,0],"2":[3,2],"3":[3,0],"4":[7,0],"5":[7,0],"6":[7,0],"7":[2,5],"8":[2,0],"9":[0,2],"10":[5,0],"11":[0,0],"12":[0,0],"13":[0,0],"14":[0,2],"15":[0,0],"16":[0,0]},"f":{"1":13,"2":5,"3":7,"4":0,"5":2,"6":2,"7":0,"8":0,"9":0,"10":0,"11":2,"12":1,"13":0,"14":0,"15":2},"fnMap":{"1":{"name":"initialize","line":122,"loc":{"start":{"line":116,"column":4},"end":{"line":137,"column":4}}},"2":{"name":"createEdition","line":157,"loc":{"start":{"line":148,"column":4},"end":{"line":189,"column":4}}},"3":{"name":"buyEdition","line":194,"loc":{"start":{"line":194,"column":4},"end":{"line":241,"column":4}}},"4":{"name":"withdrawFunds","line":243,"loc":{"start":{"line":243,"column":4},"end":{"line":252,"column":4}}},"5":{"name":"setStartTime","line":255,"loc":{"start":{"line":255,"column":4},"end":{"line":258,"column":4}}},"6":{"name":"setEndTime","line":261,"loc":{"start":{"line":261,"column":4},"end":{"line":264,"column":4}}},"7":{"name":"tokenURI","line":267,"loc":{"start":{"line":267,"column":4},"end":{"line":272,"column":4}}},"8":{"name":"contractURI","line":275,"loc":{"start":{"line":275,"column":4},"end":{"line":278,"column":4}}},"9":{"name":"getTokenIdsOfEdition","line":282,"loc":{"start":{"line":282,"column":4},"end":{"line":293,"column":4}}},"10":{"name":"getOwnersOfEdition","line":297,"loc":{"start":{"line":297,"column":4},"end":{"line":308,"column":4}}},"11":{"name":"royaltyInfo","line":313,"loc":{"start":{"line":313,"column":4},"end":{"line":329,"column":4}}},"12":{"name":"totalSupply","line":332,"loc":{"start":{"line":332,"column":4},"end":{"line":334,"column":4}}},"13":{"name":"supportsInterface","line":338,"loc":{"start":{"line":338,"column":4},"end":{"line":346,"column":4}}},"14":{"name":"_sendFunds","line":355,"loc":{"start":{"line":355,"column":4},"end":{"line":360,"column":4}}},"15":{"name":"getSigner","line":367,"loc":{"start":{"line":367,"column":4},"end":{"line":377,"column":4}}}},"statementMap":{"1":{"start":{"line":123,"column":8},"end":{"line":123,"column":36}},"2":{"start":{"line":124,"column":8},"end":{"line":124,"column":23}},"3":{"start":{"line":127,"column":8},"end":{"line":127,"column":32}},"4":{"start":{"line":130,"column":8},"end":{"line":130,"column":78}},"5":{"start":{"line":133,"column":8},"end":{"line":133,"column":28}},"6":{"start":{"line":136,"column":8},"end":{"line":136,"column":30}},"7":{"start":{"line":158,"column":8},"end":{"line":158,"column":76}},"8":{"start":{"line":160,"column":8},"end":{"line":160,"column":5904}},"9":{"start":{"line":161,"column":12},"end":{"line":161,"column":78}},"10":{"start":{"line":164,"column":8},"end":{"line":164,"column":6033}},"11":{"start":{"line":176,"column":8},"end":{"line":176,"column":6423}},"12":{"start":{"line":188,"column":8},"end":{"line":188,"column":30}},"13":{"start":{"line":196,"column":8},"end":{"line":196,"column":50}},"14":{"start":{"line":197,"column":8},"end":{"line":197,"column":55}},"15":{"start":{"line":198,"column":8},"end":{"line":198,"column":53}},"16":{"start":{"line":199,"column":8},"end":{"line":199,"column":57}},"17":{"start":{"line":200,"column":8},"end":{"line":200,"column":53}},"18":{"start":{"line":201,"column":8},"end":{"line":201,"column":69}},"19":{"start":{"line":205,"column":8},"end":{"line":205,"column":54}},"20":{"start":{"line":207,"column":8},"end":{"line":207,"column":71}},"21":{"start":{"line":209,"column":8},"end":{"line":209,"column":79}},"22":{"start":{"line":212,"column":8},"end":{"line":212,"column":7995}},"23":{"start":{"line":214,"column":12},"end":{"line":214,"column":8107}},"24":{"start":{"line":220,"column":12},"end":{"line":220,"column":109}},"25":{"start":{"line":224,"column":8},"end":{"line":224,"column":62}},"26":{"start":{"line":227,"column":8},"end":{"line":227,"column":51}},"27":{"start":{"line":233,"column":8},"end":{"line":233,"column":45}},"28":{"start":{"line":236,"column":8},"end":{"line":236,"column":55}},"29":{"start":{"line":238,"column":8},"end":{"line":238,"column":104}},"30":{"start":{"line":240,"column":8},"end":{"line":240,"column":28}},"31":{"start":{"line":245,"column":8},"end":{"line":245,"column":103}},"32":{"start":{"line":248,"column":8},"end":{"line":248,"column":72}},"33":{"start":{"line":251,"column":8},"end":{"line":251,"column":77}},"34":{"start":{"line":256,"column":8},"end":{"line":256,"column":50}},"35":{"start":{"line":257,"column":8},"end":{"line":257,"column":67}},"36":{"start":{"line":262,"column":8},"end":{"line":262,"column":46}},"37":{"start":{"line":263,"column":8},"end":{"line":263,"column":63}},"38":{"start":{"line":268,"column":8},"end":{"line":268,"column":84}},"39":{"start":{"line":271,"column":8},"end":{"line":271,"column":111}},"40":{"start":{"line":277,"column":8},"end":{"line":277,"column":62}},"41":{"start":{"line":283,"column":8},"end":{"line":283,"column":88}},"42":{"start":{"line":284,"column":8},"end":{"line":284,"column":25}},"43":{"start":{"line":286,"column":8},"end":{"line":286,"column":11372}},"44":{"start":{"line":287,"column":12},"end":{"line":287,"column":11443}},"45":{"start":{"line":288,"column":16},"end":{"line":288,"column":44}},"46":{"start":{"line":292,"column":8},"end":{"line":292,"column":32}},"47":{"start":{"line":298,"column":8},"end":{"line":298,"column":86}},"48":{"start":{"line":299,"column":8},"end":{"line":299,"column":25}},"49":{"start":{"line":301,"column":8},"end":{"line":301,"column":11919}},"50":{"start":{"line":302,"column":12},"end":{"line":302,"column":11990}},"51":{"start":{"line":303,"column":16},"end":{"line":303,"column":69}},"52":{"start":{"line":307,"column":8},"end":{"line":307,"column":30}},"53":{"start":{"line":319,"column":8},"end":{"line":319,"column":52}},"54":{"start":{"line":320,"column":8},"end":{"line":320,"column":52}},"55":{"start":{"line":322,"column":8},"end":{"line":322,"column":12619}},"56":{"start":{"line":323,"column":12},"end":{"line":323,"column":48}},"57":{"start":{"line":326,"column":8},"end":{"line":326,"column":56}},"58":{"start":{"line":328,"column":8},"end":{"line":328,"column":77}},"59":{"start":{"line":333,"column":8},"end":{"line":333,"column":38}},"60":{"start":{"line":344,"column":8},"end":{"line":344,"column":13498}},"61":{"start":{"line":356,"column":8},"end":{"line":356,"column":81}},"62":{"start":{"line":358,"column":8},"end":{"line":358,"column":62}},"63":{"start":{"line":359,"column":8},"end":{"line":359,"column":76}},"64":{"start":{"line":368,"column":8},"end":{"line":368,"column":14433}},"65":{"start":{"line":375,"column":8},"end":{"line":375,"column":61}},"66":{"start":{"line":376,"column":8},"end":{"line":376,"column":31}}},"branchMap":{"1":{"line":158,"type":"if","locations":[{"start":{"line":158,"column":8},"end":{"line":158,"column":8}},{"start":{"line":158,"column":8},"end":{"line":158,"column":8}}]},"2":{"line":160,"type":"if","locations":[{"start":{"line":160,"column":8},"end":{"line":160,"column":8}},{"start":{"line":160,"column":8},"end":{"line":160,"column":8}}]},"3":{"line":161,"type":"if","locations":[{"start":{"line":161,"column":12},"end":{"line":161,"column":12}},{"start":{"line":161,"column":12},"end":{"line":161,"column":12}}]},"4":{"line":205,"type":"if","locations":[{"start":{"line":205,"column":8},"end":{"line":205,"column":8}},{"start":{"line":205,"column":8},"end":{"line":205,"column":8}}]},"5":{"line":207,"type":"if","locations":[{"start":{"line":207,"column":8},"end":{"line":207,"column":8}},{"start":{"line":207,"column":8},"end":{"line":207,"column":8}}]},"6":{"line":209,"type":"if","locations":[{"start":{"line":209,"column":8},"end":{"line":209,"column":8}},{"start":{"line":209,"column":8},"end":{"line":209,"column":8}}]},"7":{"line":212,"type":"if","locations":[{"start":{"line":212,"column":8},"end":{"line":212,"column":8}},{"start":{"line":212,"column":8},"end":{"line":212,"column":8}}]},"8":{"line":214,"type":"if","locations":[{"start":{"line":214,"column":12},"end":{"line":214,"column":12}},{"start":{"line":214,"column":12},"end":{"line":214,"column":12}}]},"9":{"line":220,"type":"if","locations":[{"start":{"line":220,"column":12},"end":{"line":220,"column":12}},{"start":{"line":220,"column":12},"end":{"line":220,"column":12}}]},"10":{"line":224,"type":"if","locations":[{"start":{"line":224,"column":8},"end":{"line":224,"column":8}},{"start":{"line":224,"column":8},"end":{"line":224,"column":8}}]},"11":{"line":268,"type":"if","locations":[{"start":{"line":268,"column":8},"end":{"line":268,"column":8}},{"start":{"line":268,"column":8},"end":{"line":268,"column":8}}]},"12":{"line":287,"type":"if","locations":[{"start":{"line":287,"column":12},"end":{"line":287,"column":12}},{"start":{"line":287,"column":12},"end":{"line":287,"column":12}}]},"13":{"line":302,"type":"if","locations":[{"start":{"line":302,"column":12},"end":{"line":302,"column":12}},{"start":{"line":302,"column":12},"end":{"line":302,"column":12}}]},"14":{"line":322,"type":"if","locations":[{"start":{"line":322,"column":8},"end":{"line":322,"column":8}},{"start":{"line":322,"column":8},"end":{"line":322,"column":8}}]},"15":{"line":356,"type":"if","locations":[{"start":{"line":356,"column":8},"end":{"line":356,"column":8}},{"start":{"line":356,"column":8},"end":{"line":356,"column":8}}]},"16":{"line":359,"type":"if","locations":[{"start":{"line":359,"column":8},"end":{"line":359,"column":8}},{"start":{"line":359,"column":8},"end":{"line":359,"column":8}}]}}},"contracts/ArtistV3.sol":{"l":{"120":24,"133":8,"134":8,"137":8,"140":8,"143":8,"165":10,"166":10,"167":10,"168":10,"170":10,"171":0,"174":10,"186":10,"198":10,"206":151,"207":151,"208":151,"209":151,"210":151,"211":151,"215":151,"217":151,"219":151,"222":151,"224":0,"230":0,"234":151,"237":151,"238":151,"245":151,"247":0,"250":151,"254":151,"256":151,"261":1,"264":1,"267":1,"272":0,"273":0,"278":0,"279":0,"284":0,"286":0,"287":0,"293":0,"295":0,"297":0,"298":0,"308":0,"310":0,"312":0,"317":0,"329":0,"330":0,"332":0,"333":0,"336":0,"338":0,"343":2,"344":2,"345":10,"347":2,"358":0,"364":0,"369":100,"372":100,"374":50,"377":50,"381":0,"382":0,"383":0,"385":0,"396":152,"398":152,"399":152,"408":0,"415":0,"416":0},"path":"/Users/masurka/SOUND_XYZ/protocol/protocol/contracts/ArtistV3.sol","s":{"1":24,"2":8,"3":8,"4":8,"5":8,"6":8,"7":10,"8":10,"9":10,"10":10,"11":10,"12":0,"13":10,"14":10,"15":10,"16":151,"17":151,"18":151,"19":151,"20":151,"21":151,"22":151,"23":151,"24":151,"25":151,"26":0,"27":0,"28":151,"29":151,"30":151,"31":0,"32":151,"33":151,"34":151,"35":1,"36":1,"37":1,"38":0,"39":0,"40":0,"41":0,"42":0,"43":0,"44":0,"45":0,"46":0,"47":0,"48":0,"49":0,"50":0,"51":0,"52":0,"53":0,"54":0,"55":0,"56":0,"57":0,"58":0,"59":2,"60":2,"61":10,"62":2,"63":0,"64":0,"65":100,"66":100,"67":50,"68":50,"69":0,"70":0,"71":0,"72":0,"73":152,"74":152,"75":152,"76":0,"77":0,"78":0},"b":{"1":[10,0],"2":[10,0],"3":[10,0],"4":[10,0],"5":[0,10],"6":[0,0],"7":[151,0],"8":[151,0],"9":[151,0],"10":[0,151],"11":[0,0],"12":[0,0],"13":[151,0],"14":[0,151],"15":[0,0],"16":[0,0],"17":[0,0],"18":[0,0],"19":[0,0],"20":[50,50],"21":[152,0],"22":[152,0]},"f":{"1":24,"2":8,"3":10,"4":151,"5":1,"6":0,"7":0,"8":0,"9":0,"10":0,"11":0,"12":0,"13":2,"14":0,"15":0,"16":100,"17":0,"18":152,"19":0},"fnMap":{"1":{"name":"constructor","line":119,"loc":{"start":{"line":119,"column":4},"end":{"line":121,"column":4}}},"2":{"name":"initialize","line":132,"loc":{"start":{"line":126,"column":4},"end":{"line":144,"column":4}}},"3":{"name":"createEdition","line":164,"loc":{"start":{"line":155,"column":4},"end":{"line":199,"column":4}}},"4":{"name":"buyEdition","line":204,"loc":{"start":{"line":204,"column":4},"end":{"line":257,"column":4}}},"5":{"name":"withdrawFunds","line":259,"loc":{"start":{"line":259,"column":4},"end":{"line":268,"column":4}}},"6":{"name":"setStartTime","line":271,"loc":{"start":{"line":271,"column":4},"end":{"line":274,"column":4}}},"7":{"name":"setEndTime","line":277,"loc":{"start":{"line":277,"column":4},"end":{"line":280,"column":4}}},"8":{"name":"setSignerAddress","line":283,"loc":{"start":{"line":283,"column":4},"end":{"line":288,"column":4}}},"9":{"name":"setPermissionedQuantity","line":291,"loc":{"start":{"line":291,"column":4},"end":{"line":299,"column":4}}},"10":{"name":"tokenURI","line":307,"loc":{"start":{"line":307,"column":4},"end":{"line":313,"column":4}}},"11":{"name":"contractURI","line":316,"loc":{"start":{"line":316,"column":4},"end":{"line":318,"column":4}}},"12":{"name":"royaltyInfo","line":323,"loc":{"start":{"line":323,"column":4},"end":{"line":339,"column":4}}},"13":{"name":"totalSupply","line":342,"loc":{"start":{"line":342,"column":4},"end":{"line":348,"column":4}}},"14":{"name":"supportsInterface","line":352,"loc":{"start":{"line":352,"column":4},"end":{"line":360,"column":4}}},"15":{"name":"editionCount","line":363,"loc":{"start":{"line":363,"column":4},"end":{"line":365,"column":4}}},"16":{"name":"tokenToEdition","line":367,"loc":{"start":{"line":367,"column":4},"end":{"line":378,"column":4}}},"17":{"name":"ownersOfTokenIds","line":380,"loc":{"start":{"line":380,"column":4},"end":{"line":386,"column":4}}},"18":{"name":"_sendFunds","line":395,"loc":{"start":{"line":395,"column":4},"end":{"line":400,"column":4}}},"19":{"name":"getSigner","line":407,"loc":{"start":{"line":407,"column":4},"end":{"line":417,"column":4}}}},"statementMap":{"1":{"start":{"line":120,"column":8},"end":{"line":120,"column":106}},"2":{"start":{"line":133,"column":8},"end":{"line":133,"column":36}},"3":{"start":{"line":134,"column":8},"end":{"line":134,"column":23}},"4":{"start":{"line":137,"column":8},"end":{"line":137,"column":32}},"5":{"start":{"line":140,"column":8},"end":{"line":140,"column":78}},"6":{"start":{"line":143,"column":8},"end":{"line":143,"column":30}},"7":{"start":{"line":165,"column":8},"end":{"line":165,"column":86}},"8":{"start":{"line":166,"column":8},"end":{"line":166,"column":50}},"9":{"start":{"line":167,"column":8},"end":{"line":167,"column":76}},"10":{"start":{"line":168,"column":8},"end":{"line":168,"column":81}},"11":{"start":{"line":170,"column":8},"end":{"line":170,"column":6613}},"12":{"start":{"line":171,"column":12},"end":{"line":171,"column":78}},"13":{"start":{"line":174,"column":8},"end":{"line":174,"column":6747}},"14":{"start":{"line":186,"column":8},"end":{"line":186,"column":7147}},"15":{"start":{"line":198,"column":8},"end":{"line":198,"column":30}},"16":{"start":{"line":206,"column":8},"end":{"line":206,"column":50}},"17":{"start":{"line":207,"column":8},"end":{"line":207,"column":55}},"18":{"start":{"line":208,"column":8},"end":{"line":208,"column":53}},"19":{"start":{"line":209,"column":8},"end":{"line":209,"column":57}},"20":{"start":{"line":210,"column":8},"end":{"line":210,"column":53}},"21":{"start":{"line":211,"column":8},"end":{"line":211,"column":79}},"22":{"start":{"line":215,"column":8},"end":{"line":215,"column":54}},"23":{"start":{"line":217,"column":8},"end":{"line":217,"column":71}},"24":{"start":{"line":219,"column":8},"end":{"line":219,"column":79}},"25":{"start":{"line":222,"column":8},"end":{"line":222,"column":8739}},"26":{"start":{"line":224,"column":12},"end":{"line":224,"column":8856}},"27":{"start":{"line":230,"column":12},"end":{"line":230,"column":109}},"28":{"start":{"line":234,"column":8},"end":{"line":234,"column":62}},"29":{"start":{"line":237,"column":8},"end":{"line":237,"column":23}},"30":{"start":{"line":245,"column":8},"end":{"line":245,"column":9753}},"31":{"start":{"line":247,"column":12},"end":{"line":247,"column":55}},"32":{"start":{"line":250,"column":12},"end":{"line":250,"column":71}},"33":{"start":{"line":254,"column":8},"end":{"line":254,"column":33}},"34":{"start":{"line":256,"column":8},"end":{"line":256,"column":92}},"35":{"start":{"line":261,"column":8},"end":{"line":261,"column":103}},"36":{"start":{"line":264,"column":8},"end":{"line":264,"column":72}},"37":{"start":{"line":267,"column":8},"end":{"line":267,"column":77}},"38":{"start":{"line":272,"column":8},"end":{"line":272,"column":50}},"39":{"start":{"line":273,"column":8},"end":{"line":273,"column":67}},"40":{"start":{"line":278,"column":8},"end":{"line":278,"column":46}},"41":{"start":{"line":279,"column":8},"end":{"line":279,"column":63}},"42":{"start":{"line":284,"column":8},"end":{"line":284,"column":77}},"43":{"start":{"line":286,"column":8},"end":{"line":286,"column":61}},"44":{"start":{"line":287,"column":8},"end":{"line":287,"column":60}},"45":{"start":{"line":293,"column":8},"end":{"line":293,"column":101}},"46":{"start":{"line":295,"column":8},"end":{"line":295,"column":94}},"47":{"start":{"line":297,"column":8},"end":{"line":297,"column":72}},"48":{"start":{"line":298,"column":8},"end":{"line":298,"column":71}},"49":{"start":{"line":308,"column":8},"end":{"line":308,"column":84}},"50":{"start":{"line":310,"column":8},"end":{"line":310,"column":52}},"51":{"start":{"line":312,"column":8},"end":{"line":312,"column":96}},"52":{"start":{"line":317,"column":8},"end":{"line":317,"column":62}},"53":{"start":{"line":329,"column":8},"end":{"line":329,"column":52}},"54":{"start":{"line":330,"column":8},"end":{"line":330,"column":52}},"55":{"start":{"line":332,"column":8},"end":{"line":332,"column":13726}},"56":{"start":{"line":333,"column":12},"end":{"line":333,"column":48}},"57":{"start":{"line":336,"column":8},"end":{"line":336,"column":56}},"58":{"start":{"line":338,"column":8},"end":{"line":338,"column":77}},"59":{"start":{"line":343,"column":8},"end":{"line":343,"column":25}},"60":{"start":{"line":344,"column":8},"end":{"line":344,"column":14144}},"61":{"start":{"line":345,"column":12},"end":{"line":345,"column":40}},"62":{"start":{"line":347,"column":8},"end":{"line":347,"column":20}},"63":{"start":{"line":358,"column":8},"end":{"line":358,"column":14698}},"64":{"start":{"line":364,"column":8},"end":{"line":364,"column":40}},"65":{"start":{"line":369,"column":8},"end":{"line":369,"column":43}},"66":{"start":{"line":372,"column":8},"end":{"line":372,"column":15243}},"67":{"start":{"line":374,"column":12},"end":{"line":374,"column":44}},"68":{"start":{"line":377,"column":8},"end":{"line":377,"column":24}},"69":{"start":{"line":381,"column":8},"end":{"line":381,"column":65}},"70":{"start":{"line":382,"column":8},"end":{"line":382,"column":15576}},"71":{"start":{"line":383,"column":12},"end":{"line":383,"column":44}},"72":{"start":{"line":385,"column":8},"end":{"line":385,"column":21}},"73":{"start":{"line":396,"column":8},"end":{"line":396,"column":81}},"74":{"start":{"line":398,"column":8},"end":{"line":398,"column":62}},"75":{"start":{"line":399,"column":8},"end":{"line":399,"column":76}},"76":{"start":{"line":408,"column":8},"end":{"line":408,"column":16628}},"77":{"start":{"line":415,"column":8},"end":{"line":415,"column":61}},"78":{"start":{"line":416,"column":8},"end":{"line":416,"column":31}}},"branchMap":{"1":{"line":165,"type":"if","locations":[{"start":{"line":165,"column":8},"end":{"line":165,"column":8}},{"start":{"line":165,"column":8},"end":{"line":165,"column":8}}]},"2":{"line":166,"type":"if","locations":[{"start":{"line":166,"column":8},"end":{"line":166,"column":8}},{"start":{"line":166,"column":8},"end":{"line":166,"column":8}}]},"3":{"line":167,"type":"if","locations":[{"start":{"line":167,"column":8},"end":{"line":167,"column":8}},{"start":{"line":167,"column":8},"end":{"line":167,"column":8}}]},"4":{"line":168,"type":"if","locations":[{"start":{"line":168,"column":8},"end":{"line":168,"column":8}},{"start":{"line":168,"column":8},"end":{"line":168,"column":8}}]},"5":{"line":170,"type":"if","locations":[{"start":{"line":170,"column":8},"end":{"line":170,"column":8}},{"start":{"line":170,"column":8},"end":{"line":170,"column":8}}]},"6":{"line":171,"type":"if","locations":[{"start":{"line":171,"column":12},"end":{"line":171,"column":12}},{"start":{"line":171,"column":12},"end":{"line":171,"column":12}}]},"7":{"line":215,"type":"if","locations":[{"start":{"line":215,"column":8},"end":{"line":215,"column":8}},{"start":{"line":215,"column":8},"end":{"line":215,"column":8}}]},"8":{"line":217,"type":"if","locations":[{"start":{"line":217,"column":8},"end":{"line":217,"column":8}},{"start":{"line":217,"column":8},"end":{"line":217,"column":8}}]},"9":{"line":219,"type":"if","locations":[{"start":{"line":219,"column":8},"end":{"line":219,"column":8}},{"start":{"line":219,"column":8},"end":{"line":219,"column":8}}]},"10":{"line":222,"type":"if","locations":[{"start":{"line":222,"column":8},"end":{"line":222,"column":8}},{"start":{"line":222,"column":8},"end":{"line":222,"column":8}}]},"11":{"line":224,"type":"if","locations":[{"start":{"line":224,"column":12},"end":{"line":224,"column":12}},{"start":{"line":224,"column":12},"end":{"line":224,"column":12}}]},"12":{"line":230,"type":"if","locations":[{"start":{"line":230,"column":12},"end":{"line":230,"column":12}},{"start":{"line":230,"column":12},"end":{"line":230,"column":12}}]},"13":{"line":234,"type":"if","locations":[{"start":{"line":234,"column":8},"end":{"line":234,"column":8}},{"start":{"line":234,"column":8},"end":{"line":234,"column":8}}]},"14":{"line":245,"type":"if","locations":[{"start":{"line":245,"column":8},"end":{"line":245,"column":8}},{"start":{"line":245,"column":8},"end":{"line":245,"column":8}}]},"15":{"line":284,"type":"if","locations":[{"start":{"line":284,"column":8},"end":{"line":284,"column":8}},{"start":{"line":284,"column":8},"end":{"line":284,"column":8}}]},"16":{"line":293,"type":"if","locations":[{"start":{"line":293,"column":8},"end":{"line":293,"column":8}},{"start":{"line":293,"column":8},"end":{"line":293,"column":8}}]},"17":{"line":295,"type":"if","locations":[{"start":{"line":295,"column":8},"end":{"line":295,"column":8}},{"start":{"line":295,"column":8},"end":{"line":295,"column":8}}]},"18":{"line":308,"type":"if","locations":[{"start":{"line":308,"column":8},"end":{"line":308,"column":8}},{"start":{"line":308,"column":8},"end":{"line":308,"column":8}}]},"19":{"line":332,"type":"if","locations":[{"start":{"line":332,"column":8},"end":{"line":332,"column":8}},{"start":{"line":332,"column":8},"end":{"line":332,"column":8}}]},"20":{"line":372,"type":"if","locations":[{"start":{"line":372,"column":8},"end":{"line":372,"column":8}},{"start":{"line":372,"column":8},"end":{"line":372,"column":8}}]},"21":{"line":396,"type":"if","locations":[{"start":{"line":396,"column":8},"end":{"line":396,"column":8}},{"start":{"line":396,"column":8},"end":{"line":396,"column":8}}]},"22":{"line":399,"type":"if","locations":[{"start":{"line":399,"column":8},"end":{"line":399,"column":8}},{"start":{"line":399,"column":8},"end":{"line":399,"column":8}}]}}},"contracts/ArtistV4.sol":{"l":{"122":420,"135":140,"136":140,"139":140,"142":140,"145":140,"167":250,"168":248,"169":246,"171":244,"172":38,"175":242,"187":242,"199":242,"212":475,"213":475,"214":475,"215":475,"216":475,"217":475,"218":475,"222":475,"224":473,"227":473,"229":168,"232":164,"240":305,"244":437,"247":435,"248":435,"255":435,"257":414,"260":21,"264":435,"266":435,"271":4,"274":4,"277":4,"282":4,"283":4,"288":4,"289":4,"294":6,"296":4,"297":4,"303":6,"305":4,"306":4,"316":20,"318":18,"320":18,"325":2,"337":10,"338":10,"340":10,"341":2,"344":8,"346":8,"351":62,"352":62,"353":186,"355":62,"366":2,"372":2,"377":28,"380":28,"382":2,"385":26,"389":4,"390":4,"391":62,"393":2,"404":25,"406":25,"407":25,"422":164,"424":162,"425":162,"426":162,"427":162,"428":162,"434":162,"437":162,"439":162,"442":144,"444":144,"451":144},"path":"/Users/masurka/SOUND_XYZ/protocol/protocol/contracts/ArtistV4.sol","s":{"1":420,"2":140,"3":140,"4":140,"5":140,"6":140,"7":250,"8":248,"9":246,"10":244,"11":38,"12":242,"13":242,"14":242,"15":475,"16":475,"17":475,"18":475,"19":475,"20":475,"21":475,"22":475,"23":473,"24":473,"25":168,"26":164,"27":305,"28":437,"29":435,"30":435,"31":414,"32":21,"33":435,"34":435,"35":4,"36":4,"37":4,"38":4,"39":4,"40":4,"41":4,"42":6,"43":4,"44":4,"45":6,"46":4,"47":4,"48":20,"49":18,"50":18,"51":2,"52":10,"53":10,"54":10,"55":2,"56":8,"57":8,"58":62,"59":62,"60":186,"61":62,"62":2,"63":2,"64":28,"65":28,"66":2,"67":26,"68":4,"69":4,"70":62,"71":2,"72":25,"73":25,"74":25,"75":164,"76":162,"77":162,"78":162,"79":162,"80":162,"81":162,"82":162,"83":144,"84":144,"85":144},"b":{"1":[248,2],"2":[246,2],"3":[244,2],"4":[38,206],"5":[36,2],"6":[473,2],"7":[473,0],"8":[168,305],"9":[164,4],"10":[136,28],"11":[301,4],"12":[435,2],"13":[414,21],"14":[4,2],"15":[4,2],"16":[18,2],"17":[2,8],"18":[2,26],"19":[25,0],"20":[25,0],"21":[162,2],"22":[144,18]},"f":{"1":420,"2":140,"3":250,"4":475,"5":4,"6":4,"7":4,"8":6,"9":6,"10":20,"11":2,"12":10,"13":62,"14":2,"15":2,"16":28,"17":4,"18":25,"19":164},"fnMap":{"1":{"name":"constructor","line":121,"loc":{"start":{"line":121,"column":4},"end":{"line":123,"column":4}}},"2":{"name":"initialize","line":134,"loc":{"start":{"line":128,"column":4},"end":{"line":146,"column":4}}},"3":{"name":"createEdition","line":166,"loc":{"start":{"line":157,"column":4},"end":{"line":200,"column":4}}},"4":{"name":"buyEdition","line":206,"loc":{"start":{"line":206,"column":4},"end":{"line":267,"column":4}}},"5":{"name":"withdrawFunds","line":269,"loc":{"start":{"line":269,"column":4},"end":{"line":278,"column":4}}},"6":{"name":"setStartTime","line":281,"loc":{"start":{"line":281,"column":4},"end":{"line":284,"column":4}}},"7":{"name":"setEndTime","line":287,"loc":{"start":{"line":287,"column":4},"end":{"line":290,"column":4}}},"8":{"name":"setSignerAddress","line":293,"loc":{"start":{"line":293,"column":4},"end":{"line":298,"column":4}}},"9":{"name":"setPermissionedQuantity","line":301,"loc":{"start":{"line":301,"column":4},"end":{"line":307,"column":4}}},"10":{"name":"tokenURI","line":315,"loc":{"start":{"line":315,"column":4},"end":{"line":321,"column":4}}},"11":{"name":"contractURI","line":324,"loc":{"start":{"line":324,"column":4},"end":{"line":326,"column":4}}},"12":{"name":"royaltyInfo","line":331,"loc":{"start":{"line":331,"column":4},"end":{"line":347,"column":4}}},"13":{"name":"totalSupply","line":350,"loc":{"start":{"line":350,"column":4},"end":{"line":356,"column":4}}},"14":{"name":"supportsInterface","line":360,"loc":{"start":{"line":360,"column":4},"end":{"line":368,"column":4}}},"15":{"name":"editionCount","line":371,"loc":{"start":{"line":371,"column":4},"end":{"line":373,"column":4}}},"16":{"name":"tokenToEdition","line":375,"loc":{"start":{"line":375,"column":4},"end":{"line":386,"column":4}}},"17":{"name":"ownersOfTokenIds","line":388,"loc":{"start":{"line":388,"column":4},"end":{"line":394,"column":4}}},"18":{"name":"_sendFunds","line":403,"loc":{"start":{"line":403,"column":4},"end":{"line":408,"column":4}}},"19":{"name":"getSigner","line":415,"loc":{"start":{"line":415,"column":4},"end":{"line":452,"column":4}}}},"statementMap":{"1":{"start":{"line":122,"column":8},"end":{"line":122,"column":106}},"2":{"start":{"line":135,"column":8},"end":{"line":135,"column":36}},"3":{"start":{"line":136,"column":8},"end":{"line":136,"column":23}},"4":{"start":{"line":139,"column":8},"end":{"line":139,"column":32}},"5":{"start":{"line":142,"column":8},"end":{"line":142,"column":78}},"6":{"start":{"line":145,"column":8},"end":{"line":145,"column":30}},"7":{"start":{"line":167,"column":8},"end":{"line":167,"column":50}},"8":{"start":{"line":168,"column":8},"end":{"line":168,"column":76}},"9":{"start":{"line":169,"column":8},"end":{"line":169,"column":81}},"10":{"start":{"line":171,"column":8},"end":{"line":171,"column":6744}},"11":{"start":{"line":172,"column":12},"end":{"line":172,"column":78}},"12":{"start":{"line":175,"column":8},"end":{"line":175,"column":6878}},"13":{"start":{"line":187,"column":8},"end":{"line":187,"column":7278}},"14":{"start":{"line":199,"column":8},"end":{"line":199,"column":30}},"15":{"start":{"line":212,"column":8},"end":{"line":212,"column":50}},"16":{"start":{"line":213,"column":8},"end":{"line":213,"column":55}},"17":{"start":{"line":214,"column":8},"end":{"line":214,"column":53}},"18":{"start":{"line":215,"column":8},"end":{"line":215,"column":39}},"19":{"start":{"line":216,"column":8},"end":{"line":216,"column":57}},"20":{"start":{"line":217,"column":8},"end":{"line":217,"column":53}},"21":{"start":{"line":218,"column":8},"end":{"line":218,"column":79}},"22":{"start":{"line":222,"column":8},"end":{"line":222,"column":54}},"23":{"start":{"line":224,"column":8},"end":{"line":224,"column":79}},"24":{"start":{"line":227,"column":8},"end":{"line":227,"column":8925}},"25":{"start":{"line":229,"column":12},"end":{"line":229,"column":113}},"26":{"start":{"line":232,"column":12},"end":{"line":232,"column":9209}},"27":{"start":{"line":240,"column":12},"end":{"line":240,"column":75}},"28":{"start":{"line":244,"column":8},"end":{"line":244,"column":62}},"29":{"start":{"line":247,"column":8},"end":{"line":247,"column":23}},"30":{"start":{"line":255,"column":8},"end":{"line":255,"column":10221}},"31":{"start":{"line":257,"column":12},"end":{"line":257,"column":55}},"32":{"start":{"line":260,"column":12},"end":{"line":260,"column":71}},"33":{"start":{"line":264,"column":8},"end":{"line":264,"column":33}},"34":{"start":{"line":266,"column":8},"end":{"line":266,"column":74}},"35":{"start":{"line":271,"column":8},"end":{"line":271,"column":103}},"36":{"start":{"line":274,"column":8},"end":{"line":274,"column":72}},"37":{"start":{"line":277,"column":8},"end":{"line":277,"column":77}},"38":{"start":{"line":282,"column":8},"end":{"line":282,"column":50}},"39":{"start":{"line":283,"column":8},"end":{"line":283,"column":67}},"40":{"start":{"line":288,"column":8},"end":{"line":288,"column":46}},"41":{"start":{"line":289,"column":8},"end":{"line":289,"column":63}},"42":{"start":{"line":294,"column":8},"end":{"line":294,"column":77}},"43":{"start":{"line":296,"column":8},"end":{"line":296,"column":61}},"44":{"start":{"line":297,"column":8},"end":{"line":297,"column":60}},"45":{"start":{"line":303,"column":8},"end":{"line":303,"column":94}},"46":{"start":{"line":305,"column":8},"end":{"line":305,"column":72}},"47":{"start":{"line":306,"column":8},"end":{"line":306,"column":71}},"48":{"start":{"line":316,"column":8},"end":{"line":316,"column":84}},"49":{"start":{"line":318,"column":8},"end":{"line":318,"column":52}},"50":{"start":{"line":320,"column":8},"end":{"line":320,"column":96}},"51":{"start":{"line":325,"column":8},"end":{"line":325,"column":62}},"52":{"start":{"line":337,"column":8},"end":{"line":337,"column":52}},"53":{"start":{"line":338,"column":8},"end":{"line":338,"column":52}},"54":{"start":{"line":340,"column":8},"end":{"line":340,"column":13992}},"55":{"start":{"line":341,"column":12},"end":{"line":341,"column":48}},"56":{"start":{"line":344,"column":8},"end":{"line":344,"column":56}},"57":{"start":{"line":346,"column":8},"end":{"line":346,"column":77}},"58":{"start":{"line":351,"column":8},"end":{"line":351,"column":25}},"59":{"start":{"line":352,"column":8},"end":{"line":352,"column":14410}},"60":{"start":{"line":353,"column":12},"end":{"line":353,"column":40}},"61":{"start":{"line":355,"column":8},"end":{"line":355,"column":20}},"62":{"start":{"line":366,"column":8},"end":{"line":366,"column":14964}},"63":{"start":{"line":372,"column":8},"end":{"line":372,"column":40}},"64":{"start":{"line":377,"column":8},"end":{"line":377,"column":43}},"65":{"start":{"line":380,"column":8},"end":{"line":380,"column":15509}},"66":{"start":{"line":382,"column":12},"end":{"line":382,"column":44}},"67":{"start":{"line":385,"column":8},"end":{"line":385,"column":24}},"68":{"start":{"line":389,"column":8},"end":{"line":389,"column":65}},"69":{"start":{"line":390,"column":8},"end":{"line":390,"column":15842}},"70":{"start":{"line":391,"column":12},"end":{"line":391,"column":44}},"71":{"start":{"line":393,"column":8},"end":{"line":393,"column":21}},"72":{"start":{"line":404,"column":8},"end":{"line":404,"column":81}},"73":{"start":{"line":406,"column":8},"end":{"line":406,"column":62}},"74":{"start":{"line":407,"column":8},"end":{"line":407,"column":76}},"75":{"start":{"line":422,"column":8},"end":{"line":422,"column":66}},"76":{"start":{"line":424,"column":8},"end":{"line":424,"column":26}},"77":{"start":{"line":425,"column":8},"end":{"line":425,"column":32}},"78":{"start":{"line":426,"column":8},"end":{"line":426,"column":32}},"79":{"start":{"line":427,"column":8},"end":{"line":427,"column":25}},"80":{"start":{"line":434,"column":8},"end":{"line":434,"column":63}},"81":{"start":{"line":437,"column":8},"end":{"line":437,"column":64}},"82":{"start":{"line":439,"column":8},"end":{"line":439,"column":78}},"83":{"start":{"line":442,"column":8},"end":{"line":442,"column":98}},"84":{"start":{"line":444,"column":8},"end":{"line":444,"column":18116}},"85":{"start":{"line":451,"column":8},"end":{"line":451,"column":41}}},"branchMap":{"1":{"line":167,"type":"if","locations":[{"start":{"line":167,"column":8},"end":{"line":167,"column":8}},{"start":{"line":167,"column":8},"end":{"line":167,"column":8}}]},"2":{"line":168,"type":"if","locations":[{"start":{"line":168,"column":8},"end":{"line":168,"column":8}},{"start":{"line":168,"column":8},"end":{"line":168,"column":8}}]},"3":{"line":169,"type":"if","locations":[{"start":{"line":169,"column":8},"end":{"line":169,"column":8}},{"start":{"line":169,"column":8},"end":{"line":169,"column":8}}]},"4":{"line":171,"type":"if","locations":[{"start":{"line":171,"column":8},"end":{"line":171,"column":8}},{"start":{"line":171,"column":8},"end":{"line":171,"column":8}}]},"5":{"line":172,"type":"if","locations":[{"start":{"line":172,"column":12},"end":{"line":172,"column":12}},{"start":{"line":172,"column":12},"end":{"line":172,"column":12}}]},"6":{"line":222,"type":"if","locations":[{"start":{"line":222,"column":8},"end":{"line":222,"column":8}},{"start":{"line":222,"column":8},"end":{"line":222,"column":8}}]},"7":{"line":224,"type":"if","locations":[{"start":{"line":224,"column":8},"end":{"line":224,"column":8}},{"start":{"line":224,"column":8},"end":{"line":224,"column":8}}]},"8":{"line":227,"type":"if","locations":[{"start":{"line":227,"column":8},"end":{"line":227,"column":8}},{"start":{"line":227,"column":8},"end":{"line":227,"column":8}}]},"9":{"line":229,"type":"if","locations":[{"start":{"line":229,"column":12},"end":{"line":229,"column":12}},{"start":{"line":229,"column":12},"end":{"line":229,"column":12}}]},"10":{"line":232,"type":"if","locations":[{"start":{"line":232,"column":12},"end":{"line":232,"column":12}},{"start":{"line":232,"column":12},"end":{"line":232,"column":12}}]},"11":{"line":240,"type":"if","locations":[{"start":{"line":240,"column":12},"end":{"line":240,"column":12}},{"start":{"line":240,"column":12},"end":{"line":240,"column":12}}]},"12":{"line":244,"type":"if","locations":[{"start":{"line":244,"column":8},"end":{"line":244,"column":8}},{"start":{"line":244,"column":8},"end":{"line":244,"column":8}}]},"13":{"line":255,"type":"if","locations":[{"start":{"line":255,"column":8},"end":{"line":255,"column":8}},{"start":{"line":255,"column":8},"end":{"line":255,"column":8}}]},"14":{"line":294,"type":"if","locations":[{"start":{"line":294,"column":8},"end":{"line":294,"column":8}},{"start":{"line":294,"column":8},"end":{"line":294,"column":8}}]},"15":{"line":303,"type":"if","locations":[{"start":{"line":303,"column":8},"end":{"line":303,"column":8}},{"start":{"line":303,"column":8},"end":{"line":303,"column":8}}]},"16":{"line":316,"type":"if","locations":[{"start":{"line":316,"column":8},"end":{"line":316,"column":8}},{"start":{"line":316,"column":8},"end":{"line":316,"column":8}}]},"17":{"line":340,"type":"if","locations":[{"start":{"line":340,"column":8},"end":{"line":340,"column":8}},{"start":{"line":340,"column":8},"end":{"line":340,"column":8}}]},"18":{"line":380,"type":"if","locations":[{"start":{"line":380,"column":8},"end":{"line":380,"column":8}},{"start":{"line":380,"column":8},"end":{"line":380,"column":8}}]},"19":{"line":404,"type":"if","locations":[{"start":{"line":404,"column":8},"end":{"line":404,"column":8}},{"start":{"line":404,"column":8},"end":{"line":404,"column":8}}]},"20":{"line":407,"type":"if","locations":[{"start":{"line":407,"column":8},"end":{"line":407,"column":8}},{"start":{"line":407,"column":8},"end":{"line":407,"column":8}}]},"21":{"line":422,"type":"if","locations":[{"start":{"line":422,"column":8},"end":{"line":422,"column":8}},{"start":{"line":422,"column":8},"end":{"line":422,"column":8}}]},"22":{"line":439,"type":"if","locations":[{"start":{"line":439,"column":8},"end":{"line":439,"column":8}},{"start":{"line":439,"column":8},"end":{"line":439,"column":8}}]}}},"contracts/LibUintToString.sol":{"l":{"12":184,"13":0,"16":184,"17":184,"19":184,"20":886,"27":184,"33":184},"path":"/Users/masurka/SOUND_XYZ/protocol/protocol/contracts/LibUintToString.sol","s":{"1":184,"2":0,"3":184,"4":184,"5":184,"6":184},"b":{"1":[0,184]},"f":{"1":184},"fnMap":{"1":{"name":"toString","line":11,"loc":{"start":{"line":11,"column":4},"end":{"line":34,"column":4}}}},"statementMap":{"1":{"start":{"line":12,"column":8},"end":{"line":12,"column":437}},"2":{"start":{"line":13,"column":12},"end":{"line":13,"column":22}},"3":{"start":{"line":16,"column":8},"end":{"line":16,"column":51}},"4":{"start":{"line":17,"column":8},"end":{"line":17,"column":45}},"5":{"start":{"line":19,"column":8},"end":{"line":19,"column":685}},"6":{"start":{"line":33,"column":8},"end":{"line":33,"column":19}}},"branchMap":{"1":{"line":12,"type":"if","locations":[{"start":{"line":12,"column":8},"end":{"line":12,"column":8}},{"start":{"line":12,"column":8},"end":{"line":12,"column":8}}]}}},"contracts/Strings.sol":{"l":{"16":48,"17":0,"19":48,"20":48,"21":48,"22":48,"23":48,"25":48,"26":48,"27":48,"28":48,"29":48,"31":48},"path":"/Users/masurka/SOUND_XYZ/protocol/protocol/contracts/Strings.sol","s":{"1":48,"2":0,"3":48,"4":48,"5":48,"6":48,"7":48,"8":48,"9":48,"10":48,"11":48,"12":48},"b":{"1":[0,48]},"f":{"1":48},"fnMap":{"1":{"name":"toString","line":12,"loc":{"start":{"line":12,"column":4},"end":{"line":32,"column":4}}}},"statementMap":{"1":{"start":{"line":16,"column":8},"end":{"line":16,"column":621}},"2":{"start":{"line":17,"column":12},"end":{"line":17,"column":22}},"3":{"start":{"line":19,"column":8},"end":{"line":19,"column":28}},"4":{"start":{"line":20,"column":8},"end":{"line":20,"column":22}},"5":{"start":{"line":21,"column":8},"end":{"line":21,"column":735}},"6":{"start":{"line":23,"column":12},"end":{"line":23,"column":21}},"7":{"start":{"line":25,"column":8},"end":{"line":25,"column":47}},"8":{"start":{"line":26,"column":8},"end":{"line":26,"column":868}},"9":{"start":{"line":27,"column":12},"end":{"line":27,"column":22}},"10":{"start":{"line":28,"column":12},"end":{"line":28,"column":67}},"11":{"start":{"line":29,"column":12},"end":{"line":29,"column":22}},"12":{"start":{"line":31,"column":8},"end":{"line":31,"column":29}}},"branchMap":{"1":{"line":16,"type":"if","locations":[{"start":{"line":16,"column":8},"end":{"line":16,"column":8}},{"start":{"line":16,"column":8},"end":{"line":16,"column":8}}]}}},"contracts/test-contracts/ArtistCreatorUpgradeTest.sol":{"l":{"45":0,"48":0,"49":0,"52":0,"53":0,"54":0,"57":0,"69":0,"71":0,"84":0,"86":0,"88":0,"90":0,"95":0,"99":0,"106":0,"107":0,"113":0,"114":0,"120":1},"path":"/Users/masurka/SOUND_XYZ/protocol/protocol/contracts/test-contracts/ArtistCreatorUpgradeTest.sol","s":{"1":0,"2":0,"3":0,"4":0,"5":0,"6":0,"7":0,"8":0,"9":0,"10":0,"11":0,"12":0,"13":0,"14":0,"15":0,"16":0,"17":0,"18":0,"19":0,"20":1},"b":{"1":[0,0],"2":[0,0],"3":[0,0]},"f":{"1":0,"2":0,"3":0,"4":0,"5":1,"6":1},"fnMap":{"1":{"name":"initialize","line":44,"loc":{"start":{"line":44,"column":4},"end":{"line":58,"column":4}}},"2":{"name":"createArtist","line":63,"loc":{"start":{"line":63,"column":4},"end":{"line":91,"column":4}}},"3":{"name":"getSigner","line":94,"loc":{"start":{"line":94,"column":4},"end":{"line":108,"column":4}}},"4":{"name":"setAdmin","line":112,"loc":{"start":{"line":112,"column":4},"end":{"line":115,"column":4}}},"5":{"name":"_authorizeUpgrade","line":117,"loc":{"start":{"line":117,"column":4},"end":{"line":117,"column":69}}},"6":{"name":"testFunction","line":119,"loc":{"start":{"line":119,"column":4},"end":{"line":121,"column":4}}}},"statementMap":{"1":{"start":{"line":45,"column":8},"end":{"line":45,"column":33}},"2":{"start":{"line":48,"column":8},"end":{"line":48,"column":25}},"3":{"start":{"line":49,"column":8},"end":{"line":49,"column":106}},"4":{"start":{"line":52,"column":8},"end":{"line":52,"column":80}},"5":{"start":{"line":53,"column":8},"end":{"line":53,"column":44}},"6":{"start":{"line":54,"column":8},"end":{"line":54,"column":39}},"7":{"start":{"line":57,"column":8},"end":{"line":57,"column":29}},"8":{"start":{"line":69,"column":8},"end":{"line":69,"column":82}},"9":{"start":{"line":71,"column":8},"end":{"line":71,"column":2837}},"10":{"start":{"line":84,"column":8},"end":{"line":84,"column":43}},"11":{"start":{"line":86,"column":8},"end":{"line":86,"column":80}},"12":{"start":{"line":88,"column":8},"end":{"line":88,"column":29}},"13":{"start":{"line":90,"column":8},"end":{"line":90,"column":29}},"14":{"start":{"line":95,"column":8},"end":{"line":95,"column":60}},"15":{"start":{"line":99,"column":8},"end":{"line":99,"column":3788}},"16":{"start":{"line":106,"column":8},"end":{"line":106,"column":60}},"17":{"start":{"line":107,"column":8},"end":{"line":107,"column":31}},"18":{"start":{"line":113,"column":8},"end":{"line":113,"column":89}},"19":{"start":{"line":114,"column":8},"end":{"line":114,"column":24}},"20":{"start":{"line":120,"column":8},"end":{"line":120,"column":18}}},"branchMap":{"1":{"line":69,"type":"if","locations":[{"start":{"line":69,"column":8},"end":{"line":69,"column":8}},{"start":{"line":69,"column":8},"end":{"line":69,"column":8}}]},"2":{"line":95,"type":"if","locations":[{"start":{"line":95,"column":8},"end":{"line":95,"column":8}},{"start":{"line":95,"column":8},"end":{"line":95,"column":8}}]},"3":{"line":113,"type":"if","locations":[{"start":{"line":113,"column":8},"end":{"line":113,"column":8}},{"start":{"line":113,"column":8},"end":{"line":113,"column":8}}]}}},"contracts/test-contracts/ArtistV3Test.sol":{"l":{"102":0,"103":0,"106":0,"109":0,"112":0,"114":0,"125":0,"135":0,"145":0,"151":0,"153":0,"155":0,"157":0,"159":0,"162":0,"164":0,"166":0,"168":0,"170":0,"172":0,"179":0,"182":0,"184":0,"188":0,"192":0,"199":0,"202":0,"208":0,"218":0,"219":0,"221":0,"222":0,"223":0,"224":0,"227":0,"235":0,"236":0,"238":0,"239":0,"240":0,"241":0,"244":0,"258":0,"260":0,"261":0,"264":0,"266":0,"270":0,"279":0,"286":0,"288":0,"289":0,"293":0,"297":0,"301":0},"path":"/Users/masurka/SOUND_XYZ/protocol/protocol/contracts/test-contracts/ArtistV3Test.sol","s":{"1":0,"2":0,"3":0,"4":0,"5":0,"6":0,"7":0,"8":0,"9":0,"10":0,"11":0,"12":0,"13":0,"14":0,"15":0,"16":0,"17":0,"18":0,"19":0,"20":0,"21":0,"22":0,"23":0,"24":0,"25":0,"26":0,"27":0,"28":0,"29":0,"30":0,"31":0,"32":0,"33":0,"34":0,"35":0,"36":0,"37":0,"38":0,"39":0,"40":0,"41":0,"42":0,"43":0,"44":0,"45":0,"46":0,"47":0,"48":0,"49":0,"50":0,"51":0,"52":0},"b":{"1":[0,0],"2":[0,0],"3":[0,0],"4":[0,0],"5":[0,0],"6":[0,0],"7":[0,0],"8":[0,0],"9":[0,0],"10":[0,0],"11":[0,0]},"f":{"1":0,"2":0,"3":0,"4":0,"5":0,"6":0,"7":0,"8":0,"9":0,"10":0,"11":0,"12":0,"13":0,"14":0,"15":0,"16":0,"17":0},"fnMap":{"1":{"name":"initialize","line":101,"loc":{"start":{"line":95,"column":4},"end":{"line":115,"column":4}}},"2":{"name":"createEdition","line":124,"loc":{"start":{"line":117,"column":4},"end":{"line":146,"column":4}}},"3":{"name":"buyEdition","line":148,"loc":{"start":{"line":148,"column":4},"end":{"line":173,"column":4}}},"4":{"name":"withdrawFunds","line":177,"loc":{"start":{"line":177,"column":4},"end":{"line":185,"column":4}}},"5":{"name":"setStartTime","line":187,"loc":{"start":{"line":187,"column":4},"end":{"line":189,"column":4}}},"6":{"name":"setEndTime","line":191,"loc":{"start":{"line":191,"column":4},"end":{"line":193,"column":4}}},"7":{"name":"tokenURI","line":198,"loc":{"start":{"line":198,"column":4},"end":{"line":203,"column":4}}},"8":{"name":"contractURI","line":206,"loc":{"start":{"line":206,"column":4},"end":{"line":209,"column":4}}},"9":{"name":"getTokenIdsOfEdition","line":217,"loc":{"start":{"line":217,"column":4},"end":{"line":228,"column":4}}},"10":{"name":"getOwnersOfEdition","line":234,"loc":{"start":{"line":234,"column":4},"end":{"line":245,"column":4}}},"11":{"name":"royaltyInfo","line":252,"loc":{"start":{"line":252,"column":4},"end":{"line":267,"column":4}}},"12":{"name":"totalSupply","line":269,"loc":{"start":{"line":269,"column":4},"end":{"line":271,"column":4}}},"13":{"name":"supportsInterface","line":273,"loc":{"start":{"line":273,"column":4},"end":{"line":281,"column":4}}},"14":{"name":"_sendFunds","line":285,"loc":{"start":{"line":285,"column":4},"end":{"line":290,"column":4}}},"15":{"name":"newViewFunction","line":292,"loc":{"start":{"line":292,"column":4},"end":{"line":294,"column":4}}},"16":{"name":"changePriceOfEdition","line":296,"loc":{"start":{"line":296,"column":4},"end":{"line":298,"column":4}}},"17":{"name":"setSomeNumber","line":300,"loc":{"start":{"line":300,"column":4},"end":{"line":302,"column":4}}}},"statementMap":{"1":{"start":{"line":102,"column":8},"end":{"line":102,"column":36}},"2":{"start":{"line":103,"column":8},"end":{"line":103,"column":23}},"3":{"start":{"line":106,"column":8},"end":{"line":106,"column":32}},"4":{"start":{"line":109,"column":8},"end":{"line":109,"column":78}},"5":{"start":{"line":112,"column":8},"end":{"line":112,"column":28}},"6":{"start":{"line":114,"column":8},"end":{"line":114,"column":30}},"7":{"start":{"line":125,"column":8},"end":{"line":125,"column":4157}},"8":{"start":{"line":135,"column":8},"end":{"line":135,"column":4457}},"9":{"start":{"line":145,"column":8},"end":{"line":145,"column":30}},"10":{"start":{"line":151,"column":8},"end":{"line":151,"column":75}},"11":{"start":{"line":153,"column":8},"end":{"line":153,"column":113}},"12":{"start":{"line":155,"column":8},"end":{"line":155,"column":100}},"13":{"start":{"line":157,"column":8},"end":{"line":157,"column":90}},"14":{"start":{"line":159,"column":8},"end":{"line":159,"column":83}},"15":{"start":{"line":162,"column":8},"end":{"line":162,"column":45}},"16":{"start":{"line":164,"column":8},"end":{"line":164,"column":51}},"17":{"start":{"line":168,"column":8},"end":{"line":168,"column":55}},"18":{"start":{"line":170,"column":8},"end":{"line":170,"column":104}},"19":{"start":{"line":172,"column":8},"end":{"line":172,"column":28}},"20":{"start":{"line":179,"column":8},"end":{"line":179,"column":103}},"21":{"start":{"line":182,"column":8},"end":{"line":182,"column":72}},"22":{"start":{"line":184,"column":8},"end":{"line":184,"column":77}},"23":{"start":{"line":188,"column":8},"end":{"line":188,"column":50}},"24":{"start":{"line":192,"column":8},"end":{"line":192,"column":46}},"25":{"start":{"line":199,"column":8},"end":{"line":199,"column":84}},"26":{"start":{"line":202,"column":8},"end":{"line":202,"column":111}},"27":{"start":{"line":208,"column":8},"end":{"line":208,"column":62}},"28":{"start":{"line":218,"column":8},"end":{"line":218,"column":88}},"29":{"start":{"line":219,"column":8},"end":{"line":219,"column":25}},"30":{"start":{"line":221,"column":8},"end":{"line":221,"column":8302}},"31":{"start":{"line":222,"column":12},"end":{"line":222,"column":8373}},"32":{"start":{"line":223,"column":16},"end":{"line":223,"column":44}},"33":{"start":{"line":227,"column":8},"end":{"line":227,"column":32}},"34":{"start":{"line":235,"column":8},"end":{"line":235,"column":86}},"35":{"start":{"line":236,"column":8},"end":{"line":236,"column":25}},"36":{"start":{"line":238,"column":8},"end":{"line":238,"column":8862}},"37":{"start":{"line":239,"column":12},"end":{"line":239,"column":8933}},"38":{"start":{"line":240,"column":16},"end":{"line":240,"column":69}},"39":{"start":{"line":244,"column":8},"end":{"line":244,"column":30}},"40":{"start":{"line":258,"column":8},"end":{"line":258,"column":53}},"41":{"start":{"line":260,"column":8},"end":{"line":260,"column":9528}},"42":{"start":{"line":261,"column":12},"end":{"line":261,"column":48}},"43":{"start":{"line":264,"column":8},"end":{"line":264,"column":56}},"44":{"start":{"line":266,"column":8},"end":{"line":266,"column":77}},"45":{"start":{"line":270,"column":8},"end":{"line":270,"column":38}},"46":{"start":{"line":279,"column":8},"end":{"line":279,"column":10207}},"47":{"start":{"line":286,"column":8},"end":{"line":286,"column":81}},"48":{"start":{"line":288,"column":8},"end":{"line":288,"column":62}},"49":{"start":{"line":289,"column":8},"end":{"line":289,"column":76}},"50":{"start":{"line":293,"column":8},"end":{"line":293,"column":20}},"51":{"start":{"line":297,"column":8},"end":{"line":297,"column":45}},"52":{"start":{"line":301,"column":8},"end":{"line":301,"column":31}}},"branchMap":{"1":{"line":151,"type":"if","locations":[{"start":{"line":151,"column":8},"end":{"line":151,"column":8}},{"start":{"line":151,"column":8},"end":{"line":151,"column":8}}]},"2":{"line":153,"type":"if","locations":[{"start":{"line":153,"column":8},"end":{"line":153,"column":8}},{"start":{"line":153,"column":8},"end":{"line":153,"column":8}}]},"3":{"line":155,"type":"if","locations":[{"start":{"line":155,"column":8},"end":{"line":155,"column":8}},{"start":{"line":155,"column":8},"end":{"line":155,"column":8}}]},"4":{"line":157,"type":"if","locations":[{"start":{"line":157,"column":8},"end":{"line":157,"column":8}},{"start":{"line":157,"column":8},"end":{"line":157,"column":8}}]},"5":{"line":159,"type":"if","locations":[{"start":{"line":159,"column":8},"end":{"line":159,"column":8}},{"start":{"line":159,"column":8},"end":{"line":159,"column":8}}]},"6":{"line":199,"type":"if","locations":[{"start":{"line":199,"column":8},"end":{"line":199,"column":8}},{"start":{"line":199,"column":8},"end":{"line":199,"column":8}}]},"7":{"line":222,"type":"if","locations":[{"start":{"line":222,"column":12},"end":{"line":222,"column":12}},{"start":{"line":222,"column":12},"end":{"line":222,"column":12}}]},"8":{"line":239,"type":"if","locations":[{"start":{"line":239,"column":12},"end":{"line":239,"column":12}},{"start":{"line":239,"column":12},"end":{"line":239,"column":12}}]},"9":{"line":260,"type":"if","locations":[{"start":{"line":260,"column":8},"end":{"line":260,"column":8}},{"start":{"line":260,"column":8},"end":{"line":260,"column":8}}]},"10":{"line":286,"type":"if","locations":[{"start":{"line":286,"column":8},"end":{"line":286,"column":8}},{"start":{"line":286,"column":8},"end":{"line":286,"column":8}}]},"11":{"line":289,"type":"if","locations":[{"start":{"line":289,"column":8},"end":{"line":289,"column":8}},{"start":{"line":289,"column":8},"end":{"line":289,"column":8}}]}}}}